<?xml version="1.0" encoding="UTF-8"?>
<!-- Generated by org.testng.reporters.JUnitReportReporter -->
<testsuite skipped="0" hostname="DESKTOP-NRNE4DI" name="tests.TC001_CreateLead" tests="1" failures="0" timestamp="01 Sep 2018 06:01:28 GMT" time="21.741" errors="0">
  <testcase name="createLead" time="21.741" classname="tests.TC001_CreateLead"/>
</testsuite> <!-- tests.TC001_CreateLead -->
